==14171== Memcheck, a memory error detector
==14171== Copyright (C) 2002-2011, and GNU GPL'd, by Julian Seward et al.
==14171== Using Valgrind-3.7.0 and LibVEX; rerun with -h for copyright info
==14171== Command: ./main 8 9
==14171== Parent PID: 14170
==14171== 
--14171-- 
--14171-- Valgrind options:
--14171--    --suppressions=/usr/lib/valgrind/debian-libc6-dbg.supp
--14171--    -v
--14171--    --leak-check=full
--14171--    --track-origins=yes
--14171--    --log-file=valgrind.log
--14171-- Contents of /proc/version:
--14171--   Linux version 3.2.0-38-generic (buildd@akateko) (gcc version 4.6.3 (Ubuntu/Linaro 4.6.3-1ubuntu5) ) #61-Ubuntu SMP Tue Feb 19 12:18:21 UTC 2013
--14171-- Arch and hwcaps: AMD64, amd64-sse3-cx16
--14171-- Page sizes: currently 4096, max supported 4096
--14171-- Valgrind library directory: /usr/lib/valgrind
--14171-- Reading syms from /home/yyang/workspace/github/bufferbtree/main (0x400000)
--14171-- Reading syms from /lib/x86_64-linux-gnu/ld-2.15.so (0x4000000)
--14171--   Considering /lib/x86_64-linux-gnu/ld-2.15.so ..
--14171--   .. CRC mismatch (computed 5dfd6448 wanted 0e0290cc)
--14171--   Considering /usr/lib/debug/lib/x86_64-linux-gnu/ld-2.15.so ..
--14171--   .. CRC is valid
--14171-- Reading syms from /usr/lib/valgrind/memcheck-amd64-linux (0x38000000)
--14171--   Considering /usr/lib/valgrind/memcheck-amd64-linux ..
--14171--   .. CRC mismatch (computed fd32bc40 wanted 1b1bde8c)
--14171--    object doesn't have a symbol table
--14171--    object doesn't have a dynamic symbol table
--14171-- Reading suppressions file: /usr/lib/valgrind/debian-libc6-dbg.supp
--14171-- Reading suppressions file: /usr/lib/valgrind/default.supp
==14171== embedded gdbserver: reading from /tmp/vgdb-pipe-from-vgdb-to-14171-by-yyang-on-???
==14171== embedded gdbserver: writing to   /tmp/vgdb-pipe-to-vgdb-from-14171-by-yyang-on-???
==14171== embedded gdbserver: shared mem   /tmp/vgdb-pipe-shared-mem-vgdb-14171-by-yyang-on-???
==14171== 
==14171== TO CONTROL THIS PROCESS USING vgdb (which you probably
==14171== don't want to do, unless you know exactly what you're doing,
==14171== or are doing some strange experiment):
==14171==   /usr/lib/valgrind/../../bin/vgdb --pid=14171 ...command...
==14171== 
==14171== TO DEBUG THIS PROCESS USING GDB: start GDB like this
==14171==   /path/to/gdb ./main
==14171== and then give GDB the following command
==14171==   target remote | /usr/lib/valgrind/../../bin/vgdb --pid=14171
==14171== --pid is optional if only one valgrind process is running
==14171== 
--14171-- REDIR: 0x40189e0 (strlen) redirected to 0x380625c7 (???)
--14171-- Reading syms from /usr/lib/valgrind/vgpreload_core-amd64-linux.so (0x4a25000)
--14171--   Considering /usr/lib/valgrind/vgpreload_core-amd64-linux.so ..
--14171--   .. CRC mismatch (computed 8f05ac98 wanted c6d0ab1a)
--14171--    object doesn't have a symbol table
--14171-- Reading syms from /usr/lib/valgrind/vgpreload_memcheck-amd64-linux.so (0x4c27000)
--14171--   Considering /usr/lib/valgrind/vgpreload_memcheck-amd64-linux.so ..
--14171--   .. CRC mismatch (computed fc059af4 wanted ffc668e8)
--14171--    object doesn't have a symbol table
--14171-- REDIR: 0x4018850 (index) redirected to 0x4c2bc60 (index)
--14171-- REDIR: 0x40188d0 (strcmp) redirected to 0x4c2cc20 (strcmp)
--14171-- Reading syms from /lib/x86_64-linux-gnu/libc-2.15.so (0x4e32000)
--14171--   Considering /lib/x86_64-linux-gnu/libc-2.15.so ..
--14171--   .. CRC mismatch (computed 0d30c072 wanted 25577e9f)
--14171--   Considering /usr/lib/debug/lib/x86_64-linux-gnu/libc-2.15.so ..
--14171--   .. CRC is valid
--14171-- REDIR: 0x4ebeb70 (strcasecmp) redirected to 0x4a25610 (_vgnU_ifunc_wrapper)
--14171-- REDIR: 0x4ebaf10 (strnlen) redirected to 0x4a25610 (_vgnU_ifunc_wrapper)
--14171-- REDIR: 0x4ec0e40 (strncasecmp) redirected to 0x4a25610 (_vgnU_ifunc_wrapper)
--14171-- REDIR: 0x4ebc900 (__GI_strrchr) redirected to 0x4c2ba80 (__GI_strrchr)
--14171-- REDIR: 0x4ebade0 (strlen) redirected to 0x4a25610 (_vgnU_ifunc_wrapper)
--14171-- REDIR: 0x4f95230 (__strlen_sse2_pminub) redirected to 0x4c2bfa0 (strlen)
--14171-- REDIR: 0x4eb4c20 (malloc) redirected to 0x4c2b660 (malloc)
--14171-- REDIR: 0xffffffffff600000 (???) redirected to 0x380625b3 (???)
--14171-- REDIR: 0x4ec4a40 (strchrnul) redirected to 0x4c2e3b0 (strchrnul)
--14171-- REDIR: 0x4eb5230 (free) redirected to 0x4c2a7c0 (free)
--14171-- REDIR: 0x4ebd950 (memset) redirected to 0x4a25610 (_vgnU_ifunc_wrapper)
--14171-- REDIR: 0x4ebd990 (__GI_memset) redirected to 0x4c2e080 (memset)
--14171-- REDIR: 0x4ebae30 (__GI_strlen) redirected to 0x4c2bfc0 (__GI_strlen)
--14171-- REDIR: 0x4eba780 (strcpy) redirected to 0x4a25610 (_vgnU_ifunc_wrapper)
--14171-- REDIR: 0x4ec8d10 (__strcpy_sse2_unaligned) redirected to 0x4c2bfe0 (strcpy)
--14171-- REDIR: 0x4ebd330 (bcmp) redirected to 0x4a25610 (_vgnU_ifunc_wrapper)
--14171-- REDIR: 0x4f8fb60 (__memcmp_sse4_1) redirected to 0x4c2dca0 (bcmp)
==14171== 
==14171== HEAP SUMMARY:
==14171==     in use at exit: 0 bytes in 0 blocks
==14171==   total heap usage: 31 allocs, 31 frees, 4,916 bytes allocated
==14171== 
==14171== All heap blocks were freed -- no leaks are possible
==14171== 
==14171== ERROR SUMMARY: 0 errors from 0 contexts (suppressed: 2 from 2)
--14171-- 
--14171-- used_suppression:      2 dl-hack3-cond-1
==14171== 
==14171== ERROR SUMMARY: 0 errors from 0 contexts (suppressed: 2 from 2)
